2023.07.10 07:50:43 INFO  Started: Metals version 0.11.12 in workspace 'C:\Users\Vishwa\Documents\MYWORK\scala\Patrical 05' for client Visual Studio Code 1.80.0.
Jul 10, 2023 7:50:43 AM org.flywaydb.core.internal.license.VersionPrinter printVersionOnly
INFO: Flyway Community Edition 9.16.3 by Redgate
Jul 10, 2023 7:50:43 AM org.flywaydb.core.internal.license.VersionPrinter printVersion
INFO: See release notes here: https://rd.gt/416ObMi
Jul 10, 2023 7:50:43 AM org.flywaydb.core.internal.license.VersionPrinter printVersion
INFO: 
Jul 10, 2023 7:50:44 AM org.flywaydb.core.internal.database.base.BaseDatabaseType createDatabase
INFO: Database: jdbc:h2:file:C:\Users\Vishwa\Documents\MYWORK\scala\Patrical 05\.metals\metals (H2 2.1)
Jul 10, 2023 7:50:44 AM org.flywaydb.core.internal.schemahistory.JdbcTableSchemaHistory allAppliedMigrations
INFO: Schema history table "PUBLIC"."flyway_schema_history" does not exist yet
Jul 10, 2023 7:50:44 AM org.flywaydb.core.internal.command.DbValidate validate
INFO: Successfully validated 4 migrations (execution time 00:00.030s)
Jul 10, 2023 7:50:44 AM org.flywaydb.core.internal.schemahistory.JdbcTableSchemaHistory create
INFO: Creating Schema History table "PUBLIC"."flyway_schema_history" ...
Jul 10, 2023 7:50:44 AM org.flywaydb.core.internal.command.DbMigrate migrateGroup
INFO: Current version of schema "PUBLIC": << Empty Schema >>
Jul 10, 2023 7:50:44 AM org.flywaydb.core.internal.command.DbMigrate doMigrateGroup
INFO: Migrating schema "PUBLIC" to version "1 - Create tables"
Jul 10, 2023 7:50:44 AM org.flywaydb.core.internal.command.DbMigrate doMigrateGroup
INFO: Migrating schema "PUBLIC" to version "2 - Server discovery"
Jul 10, 2023 7:50:44 AM org.flywaydb.core.internal.command.DbMigrate doMigrateGroup
INFO: Migrating schema "PUBLIC" to version "3 - Jar symbols"
Jul 10, 2023 7:50:44 AM org.flywaydb.core.internal.command.DbMigrate doMigrateGroup
INFO: Migrating schema "PUBLIC" to version "4 - Fingerprints"
Jul 10, 2023 7:50:44 AM org.flywaydb.core.internal.command.DbMigrate logSummary
INFO: Successfully applied 4 migrations to schema "PUBLIC", now at version v4 (execution time 00:00.106s)
2023.07.10 07:50:44 INFO  time: initialize in 1.1s
2023.07.10 07:50:47 WARN  Build server is not auto-connectable.
2023.07.10 07:50:47 WARN  no build tool detected in workspace 'C:\Users\Vishwa\Documents\MYWORK\scala\Patrical 05'. The most common cause for this problem is that the editor was opened in the wrong working directory, for example if you use sbt then the workspace directory should contain build.sbt. 
2023.07.10 07:50:47 WARN  no build target for: C:\Users\Vishwa\Documents\MYWORK\scala\Patrical 05\Question01.scala
2023.07.10 07:50:52 INFO  no build target found for C:\Users\Vishwa\Documents\MYWORK\scala\Patrical 05\Question01.scala. Using presentation compiler with project's scala-library version: 3.2.2
Jul 10, 2023 7:50:53 AM org.eclipse.lsp4j.jsonrpc.RemoteEndpoint handleCancellation
WARNING: Unmatched cancel notification for request id 1
Jul 10, 2023 7:50:53 AM org.eclipse.lsp4j.jsonrpc.RemoteEndpoint handleCancellation
WARNING: Unmatched cancel notification for request id 4
Jul 10, 2023 7:50:53 AM org.eclipse.lsp4j.jsonrpc.RemoteEndpoint handleCancellation
WARNING: Unmatched cancel notification for request id 5
Jul 10, 2023 7:50:53 AM org.eclipse.lsp4j.jsonrpc.RemoteEndpoint handleCancellation
WARNING: Unmatched cancel notification for request id 7
Jul 10, 2023 7:50:53 AM org.eclipse.lsp4j.jsonrpc.RemoteEndpoint handleCancellation
WARNING: Unmatched cancel notification for request id 12
Jul 10, 2023 7:50:53 AM org.eclipse.lsp4j.jsonrpc.RemoteEndpoint handleCancellation
WARNING: Unmatched cancel notification for request id 14
Jul 10, 2023 7:50:53 AM org.eclipse.lsp4j.jsonrpc.RemoteEndpoint handleCancellation
WARNING: Unmatched cancel notification for request id 17
Jul 10, 2023 7:50:53 AM org.eclipse.lsp4j.jsonrpc.RemoteEndpoint handleCancellation
WARNING: Unmatched cancel notification for request id 19
2023.07.10 07:50:55 INFO  time: code lens generation in 2.03s
2023.07.10 07:50:55 INFO  time: code lens generation in 1.89s
2023.07.10 07:50:55 INFO  time: code lens generation in 1.97s
2023.07.10 07:50:55 INFO  time: code lens generation in 2.07s
2023.07.10 07:50:55 INFO  time: code lens generation in 1.85s
2023.07.10 07:55:18 WARN  no build target for: C:\Users\Vishwa\Documents\MYWORK\scala\Patrical 05\Question01.scala
2023.07.10 07:55:33 WARN  no build target for: C:\Users\Vishwa\Documents\MYWORK\scala\Patrical 05\Question01.scala
2023.07.10 07:56:25 WARN  no build target for: C:\Users\Vishwa\Documents\MYWORK\scala\Patrical 05\Question01.scala
2023.07.10 07:57:22 WARN  no build target for: C:\Users\Vishwa\Documents\MYWORK\scala\Patrical 05\Question01.scala
Jul 10, 2023 7:58:34 AM org.eclipse.lsp4j.jsonrpc.RemoteEndpoint handleCancellation
WARNING: Unmatched cancel notification for request id 718
Jul 10, 2023 7:58:50 AM org.eclipse.lsp4j.jsonrpc.RemoteEndpoint handleCancellation
WARNING: Unmatched cancel notification for request id 808
2023.07.10 08:03:23 WARN  no build target for: C:\Users\Vishwa\Documents\MYWORK\scala\Patrical 05\Question01.scala
2023.07.10 08:04:14 WARN  no build target for: C:\Users\Vishwa\Documents\MYWORK\scala\Patrical 05\Question01.scala
2023.07.10 08:05:09 WARN  no build target for: C:\Users\Vishwa\Documents\MYWORK\scala\Patrical 05\Question01.scala
2023.07.10 08:10:49 WARN  no build target for: C:\Users\Vishwa\Documents\MYWORK\scala\Patrical 05\Question02.scala
2023.07.10 08:11:22 WARN  no build target for: C:\Users\Vishwa\Documents\MYWORK\scala\Patrical 05\Question03.scala
2023.07.10 08:12:47 WARN  no build target for: C:\Users\Vishwa\Documents\MYWORK\scala\Patrical 05\Question03.scala
2023.07.10 08:13:50 WARN  no build target for: C:\Users\Vishwa\Documents\MYWORK\scala\Patrical 05\Question03.scala
Jul 10, 2023 8:14:30 AM scala.meta.internal.pc.CompilerAccess handleError
SEVERE: NoDenotation.owner
java.lang.AssertionError: NoDenotation.owner
	at dotty.tools.dotc.core.SymDenotations$NoDenotation$.owner(SymDenotations.scala:2511)
	at scala.meta.internal.pc.MetalsInteractive$.enclosingSymbolsWithExpressionType(MetalsInteractive.scala:261)
	at scala.meta.internal.pc.HoverProvider$.hover(HoverProvider.scala:98)

2023.07.10 08:14:41 WARN  no build target for: C:\Users\Vishwa\Documents\MYWORK\scala\Patrical 05\Question03.scala
2023.07.10 11:13:46 INFO  Shutting down server
2023.07.10 11:13:46 INFO  shutting down Metals
2023.07.10 11:13:46 INFO  Exiting server
2023.07.10 16:20:01 INFO  Started: Metals version 0.11.12 in workspace 'C:\Users\Vishwa\Documents\MYWORK\scala\Patrical 05' for client Visual Studio Code 1.80.0.
Jul 10, 2023 4:20:01 PM org.flywaydb.core.internal.license.VersionPrinter printVersionOnly
INFO: Flyway Community Edition 9.16.3 by Redgate
Jul 10, 2023 4:20:01 PM org.flywaydb.core.internal.license.VersionPrinter printVersion
INFO: See release notes here: https://rd.gt/416ObMi
Jul 10, 2023 4:20:01 PM org.flywaydb.core.internal.license.VersionPrinter printVersion
INFO: 
Jul 10, 2023 4:20:02 PM org.flywaydb.core.internal.database.base.BaseDatabaseType createDatabase
INFO: Database: jdbc:h2:file:C:\Users\Vishwa\Documents\MYWORK\scala\Patrical 05\.metals\metals (H2 2.1)
Jul 10, 2023 4:20:02 PM org.flywaydb.core.internal.command.DbValidate validate
INFO: Successfully validated 4 migrations (execution time 00:00.056s)
Jul 10, 2023 4:20:02 PM org.flywaydb.core.internal.command.DbMigrate migrateGroup
INFO: Current version of schema "PUBLIC": 4
Jul 10, 2023 4:20:02 PM org.flywaydb.core.internal.command.DbMigrate logSummary
INFO: Schema "PUBLIC" is up to date. No migration necessary.
2023.07.10 16:20:02 INFO  time: initialize in 1.15s
2023.07.10 16:20:07 WARN  Build server is not auto-connectable.
2023.07.10 16:20:07 WARN  no build tool detected in workspace 'C:\Users\Vishwa\Documents\MYWORK\scala\Patrical 05'. The most common cause for this problem is that the editor was opened in the wrong working directory, for example if you use sbt then the workspace directory should contain build.sbt. 
2023.07.10 16:20:07 WARN  no build target for: C:\Users\Vishwa\Documents\MYWORK\scala\Patrical 05\Question03.scala
2023.07.10 16:20:13 INFO  no build target found for C:\Users\Vishwa\Documents\MYWORK\scala\Patrical 05\Question03.scala. Using presentation compiler with project's scala-library version: 3.2.2
2023.07.10 16:20:17 INFO  time: code lens generation in 10s
2023.07.10 16:22:17 WARN  no build target for: C:\Users\Vishwa\Documents\MYWORK\scala\Patrical 05\Question04.scala
Jul 10, 2023 4:24:30 PM scala.meta.internal.pc.CompilerAccess handleError
SEVERE: NoDenotation.owner
java.lang.AssertionError: NoDenotation.owner
	at dotty.tools.dotc.core.SymDenotations$NoDenotation$.owner(SymDenotations.scala:2511)
	at scala.meta.internal.pc.MetalsInteractive$.enclosingSymbolsWithExpressionType(MetalsInteractive.scala:261)
	at scala.meta.internal.pc.HoverProvider$.hover(HoverProvider.scala:98)

2023.07.10 16:25:51 WARN  no build target for: C:\Users\Vishwa\Documents\MYWORK\scala\Patrical 05\Question04.scala
Jul 10, 2023 4:27:25 PM org.eclipse.lsp4j.jsonrpc.RemoteEndpoint handleCancellation
WARNING: Unmatched cancel notification for request id 812
Jul 10, 2023 4:30:03 PM org.eclipse.lsp4j.jsonrpc.RemoteEndpoint handleCancellation
WARNING: Unmatched cancel notification for request id 1030
2023.07.10 16:30:16 WARN  no build target for: C:\Users\Vishwa\Documents\MYWORK\scala\Patrical 05\Question04.scala
2023.07.10 16:30:50 WARN  no build target for: C:\Users\Vishwa\Documents\MYWORK\scala\Patrical 05\Question04.scala
2023.07.10 16:31:08 WARN  no build target for: C:\Users\Vishwa\Documents\MYWORK\scala\Patrical 05\Question05.scala
Jul 10, 2023 4:40:27 PM org.eclipse.lsp4j.jsonrpc.RemoteEndpoint handleCancellation
WARNING: Unmatched cancel notification for request id 1403
Jul 10, 2023 4:42:27 PM org.eclipse.lsp4j.jsonrpc.RemoteEndpoint handleCancellation
WARNING: Unmatched cancel notification for request id 1803
2023.07.10 16:43:12 WARN  no build target for: C:\Users\Vishwa\Documents\MYWORK\scala\Patrical 05\Question05.scala
2023.07.10 16:43:24 WARN  no build target for: C:\Users\Vishwa\Documents\MYWORK\scala\Patrical 05\Question05.scala
2023.07.10 16:43:55 WARN  no build target for: C:\Users\Vishwa\Documents\MYWORK\scala\Patrical 05\Question05.scala
2023.07.10 16:44:11 WARN  no build target for: C:\Users\Vishwa\Documents\MYWORK\scala\Patrical 05\Question05.scala
2023.07.10 16:44:55 WARN  no build target for: C:\Users\Vishwa\Documents\MYWORK\scala\Patrical 05\Question05.scala
2023.07.10 16:45:33 WARN  no build target for: C:\Users\Vishwa\Documents\MYWORK\scala\Patrical 05\Question06.scala
2023.07.10 16:50:04 WARN  no build target for: C:\Users\Vishwa\Documents\MYWORK\scala\Patrical 05\Question06.scala
2023.07.10 16:51:46 WARN  no build target for: C:\Users\Vishwa\Documents\MYWORK\scala\Patrical 05\Question06.scala
2023.07.10 16:52:19 WARN  no build target for: C:\Users\Vishwa\Documents\MYWORK\scala\Patrical 05\Question06.scala
Jul 10, 2023 4:54:36 PM org.eclipse.lsp4j.jsonrpc.RemoteEndpoint fallbackResponseError
SEVERE: Internal error: java.lang.ArrayIndexOutOfBoundsException: Index 156 out of bounds for length 156
java.util.concurrent.CompletionException: java.lang.ArrayIndexOutOfBoundsException: Index 156 out of bounds for length 156
	at java.base/java.util.concurrent.CompletableFuture.encodeThrowable(CompletableFuture.java:332)
	at java.base/java.util.concurrent.CompletableFuture.completeThrowable(CompletableFuture.java:347)
	at java.base/java.util.concurrent.CompletableFuture$UniAccept.tryFire(CompletableFuture.java:708)
	at java.base/java.util.concurrent.CompletableFuture.postComplete(CompletableFuture.java:510)
	at java.base/java.util.concurrent.CompletableFuture.completeExceptionally(CompletableFuture.java:2162)
	at scala.meta.internal.metals.CancelTokens$.$anonfun$future$1(CancelTokens.scala:40)
	at scala.meta.internal.metals.CancelTokens$.$anonfun$future$1$adapted(CancelTokens.scala:38)
	at scala.concurrent.impl.Promise$Transformation.run(Promise.scala:484)
	at java.base/java.util.concurrent.ThreadPoolExecutor.runWorker(ThreadPoolExecutor.java:1136)
	at java.base/java.util.concurrent.ThreadPoolExecutor$Worker.run(ThreadPoolExecutor.java:635)
	at java.base/java.lang.Thread.run(Thread.java:833)
Caused by: java.lang.ArrayIndexOutOfBoundsException: Index 156 out of bounds for length 156
	at scala.meta.tokens.Tokens.apply(Tokens.scala:34)
	at scala.meta.internal.parsers.ScannerTokens.nextToken(ScannerTokens.scala:382)
	at scala.meta.internal.parsers.ScannerTokens.nextToken(ScannerTokens.scala:372)
	at scala.meta.internal.parsers.LazyTokenIterator.getNextTokenRef(LazyTokenIterator.scala:28)
	at scala.meta.internal.parsers.LazyTokenIterator.peekIndex(LazyTokenIterator.scala:156)
	at scala.meta.internal.parsers.ScalametaParser.peekIndex(ScalametaParser.scala:180)
	at scala.meta.internal.parsers.ScalametaParser.iter$2(ScalametaParser.scala:2427)
	at scala.meta.internal.parsers.ScalametaParser.caseClausesIfAny(ScalametaParser.scala:2432)
	at scala.meta.internal.parsers.ScalametaParser.caseClauses(ScalametaParser.scala:2409)
	at scala.meta.internal.parsers.ScalametaParser.matchClause(ScalametaParser.scala:1452)
	at scala.meta.internal.parsers.ScalametaParser.loop$6(ScalametaParser.scala:2053)
	at scala.meta.internal.parsers.ScalametaParser.postfixExpr(ScalametaParser.scala:2075)
	at scala.meta.internal.parsers.ScalametaParser.postfixExpr(ScalametaParser.scala:1960)
	at scala.meta.internal.parsers.ScalametaParser.$anonfun$expr$2(ScalametaParser.scala:1603)
	at scala.meta.internal.parsers.ScalametaParser.atPosOpt(ScalametaParser.scala:323)
	at scala.meta.internal.parsers.ScalametaParser.autoPosOpt(ScalametaParser.scala:367)
	at scala.meta.internal.parsers.ScalametaParser.expr(ScalametaParser.scala:1508)
	at scala.meta.internal.parsers.ScalametaParser.expr(ScalametaParser.scala:1397)
	at scala.meta.internal.parsers.ScalametaParser.exprMaybeIndented(ScalametaParser.scala:1421)
	at scala.meta.internal.parsers.ScalametaParser.$anonfun$funDefRest$1(ScalametaParser.scala:3655)
	at scala.meta.internal.parsers.ScalametaParser.autoEndPos(ScalametaParser.scala:369)
	at scala.meta.internal.parsers.ScalametaParser.autoEndPos(ScalametaParser.scala:374)
	at scala.meta.internal.parsers.ScalametaParser.funDefRest(ScalametaParser.scala:3617)
	at scala.meta.internal.parsers.ScalametaParser.funDefOrDclOrExtensionOrSecondaryCtor(ScalametaParser.scala:3561)
	at scala.meta.internal.parsers.ScalametaParser.defOrDclOrSecondaryCtor(ScalametaParser.scala:3391)
	at scala.meta.internal.parsers.ScalametaParser.nonLocalDefOrDcl(ScalametaParser.scala:3370)
	at scala.meta.internal.parsers.ScalametaParser$$anonfun$2.applyOrElse(ScalametaParser.scala:4322)
	at scala.meta.internal.parsers.ScalametaParser$$anonfun$2.applyOrElse(ScalametaParser.scala:4306)
	at scala.PartialFunction.$anonfun$runWith$1(PartialFunction.scala:231)
	at scala.PartialFunction.$anonfun$runWith$1$adapted(PartialFunction.scala:230)
	at scala.meta.internal.parsers.ScalametaParser.statSeqBuf(ScalametaParser.scala:4299)
	at scala.meta.internal.parsers.ScalametaParser.$anonfun$batchSource$13(ScalametaParser.scala:4524)
	at scala.Option.getOrElse(Option.scala:201)
	at scala.meta.internal.parsers.ScalametaParser.$anonfun$batchSource$1(ScalametaParser.scala:4524)
	at scala.meta.internal.parsers.ScalametaParser.atPos(ScalametaParser.scala:320)
	at scala.meta.internal.parsers.ScalametaParser.autoPos(ScalametaParser.scala:366)
	at scala.meta.internal.parsers.ScalametaParser.batchSource(ScalametaParser.scala:4479)
	at scala.meta.internal.parsers.ScalametaParser.$anonfun$source$1(ScalametaParser.scala:4472)
	at scala.meta.internal.parsers.ScalametaParser.atPos(ScalametaParser.scala:320)
	at scala.meta.internal.parsers.ScalametaParser.autoPos(ScalametaParser.scala:366)
	at scala.meta.internal.parsers.ScalametaParser.source(ScalametaParser.scala:4472)
	at scala.meta.internal.parsers.ScalametaParser.entrypointSource(ScalametaParser.scala:4477)
	at scala.meta.internal.parsers.ScalametaParser.parseSourceImpl(ScalametaParser.scala:127)
	at scala.meta.internal.parsers.ScalametaParser.$anonfun$parseSource$1(ScalametaParser.scala:124)
	at scala.meta.internal.parsers.ScalametaParser.parseRuleAfterBOF(ScalametaParser.scala:51)
	at scala.meta.internal.parsers.ScalametaParser.parseRule(ScalametaParser.scala:46)
	at scala.meta.internal.parsers.ScalametaParser.parseSource(ScalametaParser.scala:124)
	at scala.meta.parsers.Parse$.$anonfun$parseSource$1(Parse.scala:29)
	at scala.meta.parsers.Parse$$anon$1.apply(Parse.scala:36)
	at scala.meta.parsers.Api$XtensionParseDialectInput.parse(Api.scala:25)
	at scala.meta.internal.parsing.Trees.$anonfun$parse$2(Trees.scala:137)
	at scala.Option.map(Option.scala:242)
	at scala.meta.internal.parsing.Trees.parse(Trees.scala:130)
	at scala.meta.internal.parsing.Trees.didChange(Trees.scala:100)
	at scala.meta.internal.metals.MetalsLspService.$anonfun$parseTreesAndPublishDiags$2(MetalsLspService.scala:859)
	at scala.runtime.java8.JFunction0$mcV$sp.apply(JFunction0$mcV$sp.scala:18)
	at scala.concurrent.Future$.$anonfun$apply$1(Future.scala:678)
	at scala.concurrent.impl.Promise$Transformation.run(Promise.scala:467)
	... 3 more

2023.07.10 16:54:51 WARN  no build target for: C:\Users\Vishwa\Documents\MYWORK\scala\Patrical 05\Question06.scala
Jul 10, 2023 4:55:00 PM scala.meta.internal.pc.CompilerAccess handleError
SEVERE: NoDenotation.owner
java.lang.AssertionError: NoDenotation.owner
	at dotty.tools.dotc.core.SymDenotations$NoDenotation$.owner(SymDenotations.scala:2511)
	at scala.meta.internal.pc.MetalsInteractive$.enclosingSymbolsWithExpressionType(MetalsInteractive.scala:261)
	at scala.meta.internal.pc.HoverProvider$.hover(HoverProvider.scala:98)

Jul 10, 2023 5:09:12 PM scala.meta.internal.pc.CompilerAccess handleError
SEVERE: NoDenotation.owner
java.lang.AssertionError: NoDenotation.owner
	at dotty.tools.dotc.core.SymDenotations$NoDenotation$.owner(SymDenotations.scala:2511)
	at scala.meta.internal.pc.MetalsInteractive$.enclosingSymbolsWithExpressionType(MetalsInteractive.scala:261)
	at scala.meta.internal.pc.HoverProvider$.hover(HoverProvider.scala:98)

Jul 10, 2023 5:09:15 PM org.eclipse.lsp4j.jsonrpc.RemoteEndpoint handleCancellation
WARNING: Unmatched cancel notification for request id 2887
Jul 10, 2023 5:09:27 PM scala.meta.internal.pc.CompilerAccess handleError
SEVERE: NoDenotation.owner
java.lang.AssertionError: NoDenotation.owner
	at dotty.tools.dotc.core.SymDenotations$NoDenotation$.owner(SymDenotations.scala:2511)
	at scala.meta.internal.pc.MetalsInteractive$.enclosingSymbolsWithExpressionType(MetalsInteractive.scala:261)
	at scala.meta.internal.pc.HoverProvider$.hover(HoverProvider.scala:98)

Jul 10, 2023 5:09:28 PM scala.meta.internal.pc.CompilerAccess handleError
SEVERE: NoDenotation.owner
java.lang.AssertionError: NoDenotation.owner
	at dotty.tools.dotc.core.SymDenotations$NoDenotation$.owner(SymDenotations.scala:2511)
	at scala.meta.internal.pc.MetalsInteractive$.enclosingSymbolsWithExpressionType(MetalsInteractive.scala:261)
	at scala.meta.internal.pc.HoverProvider$.hover(HoverProvider.scala:98)

Jul 10, 2023 5:09:32 PM scala.meta.internal.pc.CompilerAccess handleError
SEVERE: NoDenotation.owner
java.lang.AssertionError: NoDenotation.owner
	at dotty.tools.dotc.core.SymDenotations$NoDenotation$.owner(SymDenotations.scala:2511)
	at scala.meta.internal.pc.MetalsInteractive$.enclosingSymbolsWithExpressionType(MetalsInteractive.scala:261)
	at scala.meta.internal.pc.HoverProvider$.hover(HoverProvider.scala:98)

Jul 10, 2023 5:09:52 PM scala.meta.internal.pc.CompilerAccess handleError
SEVERE: NoDenotation.owner
java.lang.AssertionError: NoDenotation.owner
	at dotty.tools.dotc.core.SymDenotations$NoDenotation$.owner(SymDenotations.scala:2511)
	at scala.meta.internal.pc.MetalsInteractive$.enclosingSymbolsWithExpressionType(MetalsInteractive.scala:261)
	at scala.meta.internal.pc.HoverProvider$.hover(HoverProvider.scala:98)

Jul 10, 2023 5:09:52 PM scala.meta.internal.pc.CompilerAccess handleError
SEVERE: NoDenotation.owner
java.lang.AssertionError: NoDenotation.owner
	at dotty.tools.dotc.core.SymDenotations$NoDenotation$.owner(SymDenotations.scala:2511)
	at scala.meta.internal.pc.MetalsInteractive$.enclosingSymbolsWithExpressionType(MetalsInteractive.scala:261)
	at scala.meta.internal.pc.HoverProvider$.hover(HoverProvider.scala:98)

Jul 10, 2023 5:10:08 PM scala.meta.internal.pc.CompilerAccess handleError
SEVERE: NoDenotation.owner
java.lang.AssertionError: NoDenotation.owner
	at dotty.tools.dotc.core.SymDenotations$NoDenotation$.owner(SymDenotations.scala:2511)
	at scala.meta.internal.pc.MetalsInteractive$.enclosingSymbolsWithExpressionType(MetalsInteractive.scala:261)
	at scala.meta.internal.pc.HoverProvider$.hover(HoverProvider.scala:98)

Jul 10, 2023 5:10:10 PM scala.meta.internal.pc.CompilerAccess handleError
SEVERE: NoDenotation.owner
java.lang.AssertionError: NoDenotation.owner
	at dotty.tools.dotc.core.SymDenotations$NoDenotation$.owner(SymDenotations.scala:2511)
	at scala.meta.internal.pc.MetalsInteractive$.enclosingSymbolsWithExpressionType(MetalsInteractive.scala:261)
	at scala.meta.internal.pc.HoverProvider$.hover(HoverProvider.scala:98)

Jul 10, 2023 5:10:10 PM org.eclipse.lsp4j.jsonrpc.RemoteEndpoint handleCancellation
WARNING: Unmatched cancel notification for request id 2938
2023.07.10 17:10:47 WARN  no build target for: C:\Users\Vishwa\Documents\MYWORK\scala\Patrical 05\Question06.scala
2023.07.10 17:11:05 WARN  no build target for: C:\Users\Vishwa\Documents\MYWORK\scala\Patrical 05\Question06.scala
Jul 10, 2023 5:11:52 PM scala.meta.internal.pc.CompilerAccess handleError
SEVERE: NoDenotation.owner
java.lang.AssertionError: NoDenotation.owner
	at dotty.tools.dotc.core.SymDenotations$NoDenotation$.owner(SymDenotations.scala:2511)
	at scala.meta.internal.pc.MetalsInteractive$.enclosingSymbolsWithExpressionType(MetalsInteractive.scala:261)
	at scala.meta.internal.pc.HoverProvider$.hover(HoverProvider.scala:98)

2023.07.10 17:12:01 WARN  no build target for: C:\Users\Vishwa\Documents\MYWORK\scala\Patrical 05\Question06.scala
2023.07.10 17:13:19 WARN  no build target for: C:\Users\Vishwa\Documents\MYWORK\scala\Patrical 05\Question06.scala
Jul 10, 2023 5:14:29 PM org.eclipse.lsp4j.jsonrpc.RemoteEndpoint handleCancellation
WARNING: Unmatched cancel notification for request id 3350
2023.07.10 17:14:30 WARN  no build target for: C:\Users\Vishwa\Documents\MYWORK\scala\Patrical 05\Question06.scala
Jul 10, 2023 5:15:22 PM org.eclipse.lsp4j.jsonrpc.RemoteEndpoint handleCancellation
WARNING: Unmatched cancel notification for request id 3371
2023.07.10 17:15:25 WARN  no build target for: C:\Users\Vishwa\Documents\MYWORK\scala\Patrical 05\Question06.scala
Jul 10, 2023 5:19:31 PM org.eclipse.lsp4j.jsonrpc.RemoteEndpoint handleCancellation
WARNING: Unmatched cancel notification for request id 3477
2023.07.10 17:19:35 WARN  no build target for: C:\Users\Vishwa\Documents\MYWORK\scala\Patrical 05\Question01.scala
2023.07.10 17:19:38 WARN  no build target for: C:\Users\Vishwa\Documents\MYWORK\scala\Patrical 05\Question03.scala
Jul 10, 2023 5:24:56 PM scala.meta.internal.pc.CompilerAccess handleError
SEVERE: NoDenotation.owner
java.lang.AssertionError: NoDenotation.owner
	at dotty.tools.dotc.core.SymDenotations$NoDenotation$.owner(SymDenotations.scala:2511)
	at scala.meta.internal.pc.MetalsInteractive$.enclosingSymbolsWithExpressionType(MetalsInteractive.scala:261)
	at scala.meta.internal.pc.HoverProvider$.hover(HoverProvider.scala:98)

Jul 10, 2023 5:24:57 PM scala.meta.internal.pc.CompilerAccess handleError
SEVERE: assertion failed
java.lang.AssertionError: assertion failed
	at scala.Predef$.assert(Predef.scala:264)
	at scala.Predef$Ensuring$.ensuring$extension(Predef.scala:359)
	at dotty.tools.dotc.semanticdb.SemanticSymbolBuilder.find$1(SemanticSymbolBuilder.scala:88)
	at dotty.tools.dotc.semanticdb.SemanticSymbolBuilder.addOverloadIdx$1(SemanticSymbolBuilder.scala:93)
	at dotty.tools.dotc.semanticdb.SemanticSymbolBuilder.addDescriptor$1(SemanticSymbolBuilder.scala:114)
	at dotty.tools.dotc.semanticdb.SemanticSymbolBuilder.addSymName(SemanticSymbolBuilder.scala:146)
	at dotty.tools.dotc.semanticdb.SemanticSymbolBuilder.addOwner$1(SemanticSymbolBuilder.scala:75)
	at dotty.tools.dotc.semanticdb.SemanticSymbolBuilder.addSymName(SemanticSymbolBuilder.scala:146)
	at dotty.tools.dotc.semanticdb.SemanticSymbolBuilder.symbolName(SemanticSymbolBuilder.scala:29)
	at dotty.tools.dotc.semanticdb.Scala3$SymbolOps$.symbolName(Scala3.scala:271)
	at dotty.tools.dotc.semanticdb.ExtractSemanticDB$Extractor.registerDefinition(ExtractSemanticDB.scala:354)
	at dotty.tools.dotc.semanticdb.ExtractSemanticDB$Extractor.traverse(ExtractSemanticDB.scala:184)
	at dotty.tools.dotc.ast.Trees$Instance$TreeTraverser.apply(Trees.scala:1657)
	at dotty.tools.dotc.ast.Trees$Instance$TreeTraverser.apply(Trees.scala:1657)
	at dotty.tools.dotc.ast.Trees$Instance$TreeAccumulator.fold$1(Trees.scala:1529)
	at dotty.tools.dotc.ast.Trees$Instance$TreeAccumulator.apply(Trees.scala:1531)
	at dotty.tools.dotc.ast.Trees$Instance$TreeAccumulator.foldOver$$anonfun$1(Trees.scala:1617)
	at scala.collection.LinearSeqOps.foldLeft(LinearSeq.scala:183)
	at scala.collection.LinearSeqOps.foldLeft$(LinearSeq.scala:179)
	at scala.collection.immutable.List.foldLeft(List.scala:79)
	at dotty.tools.dotc.ast.Trees$Instance$TreeAccumulator.foldOver(Trees.scala:1617)
	at dotty.tools.dotc.ast.Trees$Instance$TreeTraverser.traverseChildren(Trees.scala:1658)
	at dotty.tools.dotc.semanticdb.ExtractSemanticDB$Extractor.traverse(ExtractSemanticDB.scala:181)
	at dotty.tools.dotc.semanticdb.ExtractSemanticDB$Extractor.traverse$$anonfun$11(ExtractSemanticDB.scala:204)
	at scala.runtime.function.JProcedure1.apply(JProcedure1.java:15)
	at scala.runtime.function.JProcedure1.apply(JProcedure1.java:10)
	at scala.collection.immutable.List.foreach(List.scala:333)
	at dotty.tools.dotc.semanticdb.ExtractSemanticDB$Extractor.traverse(ExtractSemanticDB.scala:204)
	at dotty.tools.dotc.ast.Trees$Instance$TreeTraverser.apply(Trees.scala:1657)
	at dotty.tools.dotc.ast.Trees$Instance$TreeTraverser.apply(Trees.scala:1657)
	at dotty.tools.dotc.ast.Trees$Instance$TreeAccumulator.foldOver(Trees.scala:1621)
	at dotty.tools.dotc.ast.Trees$Instance$TreeAccumulator.foldOver(Trees.scala:1535)
	at dotty.tools.dotc.ast.Trees$Instance$TreeTraverser.traverseChildren(Trees.scala:1658)
	at dotty.tools.dotc.semanticdb.ExtractSemanticDB$Extractor.traverse(ExtractSemanticDB.scala:178)
	at dotty.tools.dotc.semanticdb.ExtractSemanticDB$Extractor.traverse$$anonfun$1(ExtractSemanticDB.scala:142)
	at scala.runtime.function.JProcedure1.apply(JProcedure1.java:15)
	at scala.runtime.function.JProcedure1.apply(JProcedure1.java:10)
	at scala.collection.immutable.List.foreach(List.scala:333)
	at dotty.tools.dotc.semanticdb.ExtractSemanticDB$Extractor.traverse(ExtractSemanticDB.scala:142)
	at scala.meta.internal.pc.SemanticdbTextDocumentProvider.textDocument(SemanticdbTextDocumentProvider.scala:36)

Jul 10, 2023 5:24:57 PM scala.meta.internal.pc.CompilerAccess handleError
SEVERE: assertion failed
java.lang.AssertionError: assertion failed
	at scala.Predef$.assert(Predef.scala:264)
	at scala.Predef$Ensuring$.ensuring$extension(Predef.scala:359)
	at dotty.tools.dotc.semanticdb.SemanticSymbolBuilder.find$1(SemanticSymbolBuilder.scala:88)
	at dotty.tools.dotc.semanticdb.SemanticSymbolBuilder.addOverloadIdx$1(SemanticSymbolBuilder.scala:93)
	at dotty.tools.dotc.semanticdb.SemanticSymbolBuilder.addDescriptor$1(SemanticSymbolBuilder.scala:114)
	at dotty.tools.dotc.semanticdb.SemanticSymbolBuilder.addSymName(SemanticSymbolBuilder.scala:146)
	at dotty.tools.dotc.semanticdb.SemanticSymbolBuilder.addOwner$1(SemanticSymbolBuilder.scala:75)
	at dotty.tools.dotc.semanticdb.SemanticSymbolBuilder.addSymName(SemanticSymbolBuilder.scala:146)
	at dotty.tools.dotc.semanticdb.SemanticSymbolBuilder.symbolName(SemanticSymbolBuilder.scala:29)
	at dotty.tools.dotc.semanticdb.Scala3$SymbolOps$.symbolName(Scala3.scala:271)
	at dotty.tools.dotc.semanticdb.ExtractSemanticDB$Extractor.registerDefinition(ExtractSemanticDB.scala:354)
	at dotty.tools.dotc.semanticdb.ExtractSemanticDB$Extractor.traverse(ExtractSemanticDB.scala:184)
	at dotty.tools.dotc.ast.Trees$Instance$TreeTraverser.apply(Trees.scala:1657)
	at dotty.tools.dotc.ast.Trees$Instance$TreeTraverser.apply(Trees.scala:1657)
	at dotty.tools.dotc.ast.Trees$Instance$TreeAccumulator.fold$1(Trees.scala:1529)
	at dotty.tools.dotc.ast.Trees$Instance$TreeAccumulator.apply(Trees.scala:1531)
	at dotty.tools.dotc.ast.Trees$Instance$TreeAccumulator.foldOver$$anonfun$1(Trees.scala:1617)
	at scala.collection.LinearSeqOps.foldLeft(LinearSeq.scala:183)
	at scala.collection.LinearSeqOps.foldLeft$(LinearSeq.scala:179)
	at scala.collection.immutable.List.foldLeft(List.scala:79)
	at dotty.tools.dotc.ast.Trees$Instance$TreeAccumulator.foldOver(Trees.scala:1617)
	at dotty.tools.dotc.ast.Trees$Instance$TreeTraverser.traverseChildren(Trees.scala:1658)
	at dotty.tools.dotc.semanticdb.ExtractSemanticDB$Extractor.traverse(ExtractSemanticDB.scala:181)
	at dotty.tools.dotc.semanticdb.ExtractSemanticDB$Extractor.traverse$$anonfun$11(ExtractSemanticDB.scala:204)
	at scala.runtime.function.JProcedure1.apply(JProcedure1.java:15)
	at scala.runtime.function.JProcedure1.apply(JProcedure1.java:10)
	at scala.collection.immutable.List.foreach(List.scala:333)
	at dotty.tools.dotc.semanticdb.ExtractSemanticDB$Extractor.traverse(ExtractSemanticDB.scala:204)
	at dotty.tools.dotc.ast.Trees$Instance$TreeTraverser.apply(Trees.scala:1657)
	at dotty.tools.dotc.ast.Trees$Instance$TreeTraverser.apply(Trees.scala:1657)
	at dotty.tools.dotc.ast.Trees$Instance$TreeAccumulator.foldOver(Trees.scala:1621)
	at dotty.tools.dotc.ast.Trees$Instance$TreeAccumulator.foldOver(Trees.scala:1535)
	at dotty.tools.dotc.ast.Trees$Instance$TreeTraverser.traverseChildren(Trees.scala:1658)
	at dotty.tools.dotc.semanticdb.ExtractSemanticDB$Extractor.traverse(ExtractSemanticDB.scala:178)
	at dotty.tools.dotc.semanticdb.ExtractSemanticDB$Extractor.traverse$$anonfun$1(ExtractSemanticDB.scala:142)
	at scala.runtime.function.JProcedure1.apply(JProcedure1.java:15)
	at scala.runtime.function.JProcedure1.apply(JProcedure1.java:10)
	at scala.collection.immutable.List.foreach(List.scala:333)
	at dotty.tools.dotc.semanticdb.ExtractSemanticDB$Extractor.traverse(ExtractSemanticDB.scala:142)
	at scala.meta.internal.pc.SemanticdbTextDocumentProvider.textDocument(SemanticdbTextDocumentProvider.scala:36)

Exception in thread "pool-3-thread-1" java.lang.InterruptedException
	at scala.meta.internal.metals.FutureCancelToken.checkCanceled(FutureCancelToken.scala:29)
	at scala.meta.internal.pc.CompilerAccess.onCompilerJobQueue$$anonfun$1(CompilerAccess.scala:195)
	at scala.meta.internal.pc.CompilerJobQueue$Job.run(CompilerJobQueue.scala:152)
	at java.base/java.util.concurrent.ThreadPoolExecutor.runWorker(ThreadPoolExecutor.java:1136)
	at java.base/java.util.concurrent.ThreadPoolExecutor$Worker.run(ThreadPoolExecutor.java:635)
	at java.base/java.lang.Thread.run(Thread.java:833)
Exception in thread "pool-3-thread-2" java.lang.InterruptedException
	at scala.meta.internal.metals.FutureCancelToken.checkCanceled(FutureCancelToken.scala:29)
	at scala.meta.internal.pc.CompilerAccess.onCompilerJobQueue$$anonfun$1(CompilerAccess.scala:195)
	at scala.meta.internal.pc.CompilerJobQueue$Job.run(CompilerJobQueue.scala:152)
	at java.base/java.util.concurrent.ThreadPoolExecutor.runWorker(ThreadPoolExecutor.java:1136)
	at java.base/java.util.concurrent.ThreadPoolExecutor$Worker.run(ThreadPoolExecutor.java:635)
	at java.base/java.lang.Thread.run(Thread.java:833)
2023.07.10 17:26:08 WARN  no build target for: C:\Users\Vishwa\Documents\MYWORK\scala\Patrical 05\Question06.scala
2023.07.10 17:26:25 WARN  no build target for: C:\Users\Vishwa\Documents\MYWORK\scala\Patrical 05\Question06.scala
2023.07.10 17:26:28 WARN  no build target for: C:\Users\Vishwa\Documents\MYWORK\scala\Patrical 05\Question06.scala
2023.07.10 17:27:52 WARN  no build target for: C:\Users\Vishwa\Documents\MYWORK\scala\Patrical 05\Question06.scala
Jul 10, 2023 5:37:29 PM org.eclipse.lsp4j.jsonrpc.RemoteEndpoint handleCancellation
WARNING: Unmatched cancel notification for request id 4471
Jul 10, 2023 5:38:17 PM org.eclipse.lsp4j.jsonrpc.RemoteEndpoint handleCancellation
WARNING: Unmatched cancel notification for request id 4549
Jul 10, 2023 5:38:22 PM org.eclipse.lsp4j.jsonrpc.RemoteEndpoint fallbackResponseError
SEVERE: Internal error: java.lang.ArrayIndexOutOfBoundsException: Index 166 out of bounds for length 166
java.util.concurrent.CompletionException: java.lang.ArrayIndexOutOfBoundsException: Index 166 out of bounds for length 166
	at java.base/java.util.concurrent.CompletableFuture.encodeThrowable(CompletableFuture.java:332)
	at java.base/java.util.concurrent.CompletableFuture.completeThrowable(CompletableFuture.java:347)
	at java.base/java.util.concurrent.CompletableFuture$UniAccept.tryFire(CompletableFuture.java:708)
	at java.base/java.util.concurrent.CompletableFuture.postComplete(CompletableFuture.java:510)
	at java.base/java.util.concurrent.CompletableFuture.completeExceptionally(CompletableFuture.java:2162)
	at scala.meta.internal.metals.CancelTokens$.$anonfun$future$1(CancelTokens.scala:40)
	at scala.meta.internal.metals.CancelTokens$.$anonfun$future$1$adapted(CancelTokens.scala:38)
	at scala.concurrent.impl.Promise$Transformation.run(Promise.scala:484)
	at java.base/java.util.concurrent.ThreadPoolExecutor.runWorker(ThreadPoolExecutor.java:1136)
	at java.base/java.util.concurrent.ThreadPoolExecutor$Worker.run(ThreadPoolExecutor.java:635)
	at java.base/java.lang.Thread.run(Thread.java:833)
Caused by: java.lang.ArrayIndexOutOfBoundsException: Index 166 out of bounds for length 166
	at scala.meta.tokens.Tokens.apply(Tokens.scala:34)
	at scala.meta.internal.parsers.ScannerTokens.nextToken(ScannerTokens.scala:382)
	at scala.meta.internal.parsers.ScannerTokens.nextToken(ScannerTokens.scala:372)
	at scala.meta.internal.parsers.LazyTokenIterator.getNextTokenRef(LazyTokenIterator.scala:28)
	at scala.meta.internal.parsers.LazyTokenIterator.peekIndex(LazyTokenIterator.scala:156)
	at scala.meta.internal.parsers.ScalametaParser.peekIndex(ScalametaParser.scala:180)
	at scala.meta.internal.parsers.ScalametaParser.iter$2(ScalametaParser.scala:2427)
	at scala.meta.internal.parsers.ScalametaParser.caseClausesIfAny(ScalametaParser.scala:2432)
	at scala.meta.internal.parsers.ScalametaParser.caseClauses(ScalametaParser.scala:2409)
	at scala.meta.internal.parsers.ScalametaParser.matchClause(ScalametaParser.scala:1452)
	at scala.meta.internal.parsers.ScalametaParser.loop$6(ScalametaParser.scala:2053)
	at scala.meta.internal.parsers.ScalametaParser.postfixExpr(ScalametaParser.scala:2075)
	at scala.meta.internal.parsers.ScalametaParser.postfixExpr(ScalametaParser.scala:1960)
	at scala.meta.internal.parsers.ScalametaParser.$anonfun$expr$2(ScalametaParser.scala:1603)
	at scala.meta.internal.parsers.ScalametaParser.atPosOpt(ScalametaParser.scala:323)
	at scala.meta.internal.parsers.ScalametaParser.autoPosOpt(ScalametaParser.scala:367)
	at scala.meta.internal.parsers.ScalametaParser.expr(ScalametaParser.scala:1508)
	at scala.meta.internal.parsers.ScalametaParser.expr(ScalametaParser.scala:1397)
	at scala.meta.internal.parsers.ScalametaParser.exprMaybeIndented(ScalametaParser.scala:1421)
	at scala.meta.internal.parsers.ScalametaParser.$anonfun$funDefRest$1(ScalametaParser.scala:3655)
	at scala.meta.internal.parsers.ScalametaParser.autoEndPos(ScalametaParser.scala:369)
	at scala.meta.internal.parsers.ScalametaParser.autoEndPos(ScalametaParser.scala:374)
	at scala.meta.internal.parsers.ScalametaParser.funDefRest(ScalametaParser.scala:3617)
	at scala.meta.internal.parsers.ScalametaParser.funDefOrDclOrExtensionOrSecondaryCtor(ScalametaParser.scala:3561)
	at scala.meta.internal.parsers.ScalametaParser.defOrDclOrSecondaryCtor(ScalametaParser.scala:3391)
	at scala.meta.internal.parsers.ScalametaParser.nonLocalDefOrDcl(ScalametaParser.scala:3370)
	at scala.meta.internal.parsers.ScalametaParser$$anonfun$2.applyOrElse(ScalametaParser.scala:4322)
	at scala.meta.internal.parsers.ScalametaParser$$anonfun$2.applyOrElse(ScalametaParser.scala:4306)
	at scala.PartialFunction.$anonfun$runWith$1(PartialFunction.scala:231)
	at scala.PartialFunction.$anonfun$runWith$1$adapted(PartialFunction.scala:230)
	at scala.meta.internal.parsers.ScalametaParser.statSeqBuf(ScalametaParser.scala:4299)
	at scala.meta.internal.parsers.ScalametaParser.$anonfun$batchSource$13(ScalametaParser.scala:4524)
	at scala.Option.getOrElse(Option.scala:201)
	at scala.meta.internal.parsers.ScalametaParser.$anonfun$batchSource$1(ScalametaParser.scala:4524)
	at scala.meta.internal.parsers.ScalametaParser.atPos(ScalametaParser.scala:320)
	at scala.meta.internal.parsers.ScalametaParser.autoPos(ScalametaParser.scala:366)
	at scala.meta.internal.parsers.ScalametaParser.batchSource(ScalametaParser.scala:4479)
	at scala.meta.internal.parsers.ScalametaParser.$anonfun$source$1(ScalametaParser.scala:4472)
	at scala.meta.internal.parsers.ScalametaParser.atPos(ScalametaParser.scala:320)
	at scala.meta.internal.parsers.ScalametaParser.autoPos(ScalametaParser.scala:366)
	at scala.meta.internal.parsers.ScalametaParser.source(ScalametaParser.scala:4472)
	at scala.meta.internal.parsers.ScalametaParser.entrypointSource(ScalametaParser.scala:4477)
	at scala.meta.internal.parsers.ScalametaParser.parseSourceImpl(ScalametaParser.scala:127)
	at scala.meta.internal.parsers.ScalametaParser.$anonfun$parseSource$1(ScalametaParser.scala:124)
	at scala.meta.internal.parsers.ScalametaParser.parseRuleAfterBOF(ScalametaParser.scala:51)
	at scala.meta.internal.parsers.ScalametaParser.parseRule(ScalametaParser.scala:46)
	at scala.meta.internal.parsers.ScalametaParser.parseSource(ScalametaParser.scala:124)
	at scala.meta.parsers.Parse$.$anonfun$parseSource$1(Parse.scala:29)
	at scala.meta.parsers.Parse$$anon$1.apply(Parse.scala:36)
	at scala.meta.parsers.Api$XtensionParseDialectInput.parse(Api.scala:25)
	at scala.meta.internal.parsing.Trees.$anonfun$parse$2(Trees.scala:137)
	at scala.Option.map(Option.scala:242)
	at scala.meta.internal.parsing.Trees.parse(Trees.scala:130)
	at scala.meta.internal.parsing.Trees.didChange(Trees.scala:100)
	at scala.meta.internal.metals.MetalsLspService.$anonfun$parseTreesAndPublishDiags$2(MetalsLspService.scala:859)
	at scala.runtime.java8.JFunction0$mcV$sp.apply(JFunction0$mcV$sp.scala:18)
	at scala.concurrent.Future$.$anonfun$apply$1(Future.scala:678)
	at scala.concurrent.impl.Promise$Transformation.run(Promise.scala:467)
	... 3 more

Jul 10, 2023 5:38:25 PM org.eclipse.lsp4j.jsonrpc.RemoteEndpoint fallbackResponseError
SEVERE: Internal error: java.lang.ArrayIndexOutOfBoundsException: Index 172 out of bounds for length 172
java.util.concurrent.CompletionException: java.lang.ArrayIndexOutOfBoundsException: Index 172 out of bounds for length 172
	at java.base/java.util.concurrent.CompletableFuture.encodeThrowable(CompletableFuture.java:332)
	at java.base/java.util.concurrent.CompletableFuture.completeThrowable(CompletableFuture.java:347)
	at java.base/java.util.concurrent.CompletableFuture$UniAccept.tryFire(CompletableFuture.java:708)
	at java.base/java.util.concurrent.CompletableFuture.postComplete(CompletableFuture.java:510)
	at java.base/java.util.concurrent.CompletableFuture.completeExceptionally(CompletableFuture.java:2162)
	at scala.meta.internal.metals.CancelTokens$.$anonfun$future$1(CancelTokens.scala:40)
	at scala.meta.internal.metals.CancelTokens$.$anonfun$future$1$adapted(CancelTokens.scala:38)
	at scala.concurrent.impl.Promise$Transformation.run(Promise.scala:484)
	at java.base/java.util.concurrent.ThreadPoolExecutor.runWorker(ThreadPoolExecutor.java:1136)
	at java.base/java.util.concurrent.ThreadPoolExecutor$Worker.run(ThreadPoolExecutor.java:635)
	at java.base/java.lang.Thread.run(Thread.java:833)
Caused by: java.lang.ArrayIndexOutOfBoundsException: Index 172 out of bounds for length 172
	at scala.meta.tokens.Tokens.apply(Tokens.scala:34)
	at scala.meta.internal.parsers.ScannerTokens.nextToken(ScannerTokens.scala:382)
	at scala.meta.internal.parsers.ScannerTokens.nextToken(ScannerTokens.scala:372)
	at scala.meta.internal.parsers.LazyTokenIterator.getNextTokenRef(LazyTokenIterator.scala:28)
	at scala.meta.internal.parsers.LazyTokenIterator.peekIndex(LazyTokenIterator.scala:156)
	at scala.meta.internal.parsers.ScalametaParser.peekIndex(ScalametaParser.scala:180)
	at scala.meta.internal.parsers.ScalametaParser.iter$2(ScalametaParser.scala:2427)
	at scala.meta.internal.parsers.ScalametaParser.caseClausesIfAny(ScalametaParser.scala:2432)
	at scala.meta.internal.parsers.ScalametaParser.caseClauses(ScalametaParser.scala:2409)
	at scala.meta.internal.parsers.ScalametaParser.matchClause(ScalametaParser.scala:1452)
	at scala.meta.internal.parsers.ScalametaParser.loop$6(ScalametaParser.scala:2053)
	at scala.meta.internal.parsers.ScalametaParser.postfixExpr(ScalametaParser.scala:2075)
	at scala.meta.internal.parsers.ScalametaParser.postfixExpr(ScalametaParser.scala:1960)
	at scala.meta.internal.parsers.ScalametaParser.$anonfun$expr$2(ScalametaParser.scala:1603)
	at scala.meta.internal.parsers.ScalametaParser.atPosOpt(ScalametaParser.scala:323)
	at scala.meta.internal.parsers.ScalametaParser.autoPosOpt(ScalametaParser.scala:367)
	at scala.meta.internal.parsers.ScalametaParser.expr(ScalametaParser.scala:1508)
	at scala.meta.internal.parsers.ScalametaParser.expr(ScalametaParser.scala:1397)
	at scala.meta.internal.parsers.ScalametaParser.exprMaybeIndented(ScalametaParser.scala:1421)
	at scala.meta.internal.parsers.ScalametaParser.$anonfun$funDefRest$1(ScalametaParser.scala:3655)
	at scala.meta.internal.parsers.ScalametaParser.autoEndPos(ScalametaParser.scala:369)
	at scala.meta.internal.parsers.ScalametaParser.autoEndPos(ScalametaParser.scala:374)
	at scala.meta.internal.parsers.ScalametaParser.funDefRest(ScalametaParser.scala:3617)
	at scala.meta.internal.parsers.ScalametaParser.funDefOrDclOrExtensionOrSecondaryCtor(ScalametaParser.scala:3561)
	at scala.meta.internal.parsers.ScalametaParser.defOrDclOrSecondaryCtor(ScalametaParser.scala:3391)
	at scala.meta.internal.parsers.ScalametaParser.nonLocalDefOrDcl(ScalametaParser.scala:3370)
	at scala.meta.internal.parsers.ScalametaParser$$anonfun$2.applyOrElse(ScalametaParser.scala:4322)
	at scala.meta.internal.parsers.ScalametaParser$$anonfun$2.applyOrElse(ScalametaParser.scala:4306)
	at scala.PartialFunction.$anonfun$runWith$1(PartialFunction.scala:231)
	at scala.PartialFunction.$anonfun$runWith$1$adapted(PartialFunction.scala:230)
	at scala.meta.internal.parsers.ScalametaParser.statSeqBuf(ScalametaParser.scala:4299)
	at scala.meta.internal.parsers.ScalametaParser.$anonfun$batchSource$13(ScalametaParser.scala:4524)
	at scala.Option.getOrElse(Option.scala:201)
	at scala.meta.internal.parsers.ScalametaParser.$anonfun$batchSource$1(ScalametaParser.scala:4524)
	at scala.meta.internal.parsers.ScalametaParser.atPos(ScalametaParser.scala:320)
	at scala.meta.internal.parsers.ScalametaParser.autoPos(ScalametaParser.scala:366)
	at scala.meta.internal.parsers.ScalametaParser.batchSource(ScalametaParser.scala:4479)
	at scala.meta.internal.parsers.ScalametaParser.$anonfun$source$1(ScalametaParser.scala:4472)
	at scala.meta.internal.parsers.ScalametaParser.atPos(ScalametaParser.scala:320)
	at scala.meta.internal.parsers.ScalametaParser.autoPos(ScalametaParser.scala:366)
	at scala.meta.internal.parsers.ScalametaParser.source(ScalametaParser.scala:4472)
	at scala.meta.internal.parsers.ScalametaParser.entrypointSource(ScalametaParser.scala:4477)
	at scala.meta.internal.parsers.ScalametaParser.parseSourceImpl(ScalametaParser.scala:127)
	at scala.meta.internal.parsers.ScalametaParser.$anonfun$parseSource$1(ScalametaParser.scala:124)
	at scala.meta.internal.parsers.ScalametaParser.parseRuleAfterBOF(ScalametaParser.scala:51)
	at scala.meta.internal.parsers.ScalametaParser.parseRule(ScalametaParser.scala:46)
	at scala.meta.internal.parsers.ScalametaParser.parseSource(ScalametaParser.scala:124)
	at scala.meta.parsers.Parse$.$anonfun$parseSource$1(Parse.scala:29)
	at scala.meta.parsers.Parse$$anon$1.apply(Parse.scala:36)
	at scala.meta.parsers.Api$XtensionParseDialectInput.parse(Api.scala:25)
	at scala.meta.internal.parsing.Trees.$anonfun$parse$2(Trees.scala:137)
	at scala.Option.map(Option.scala:242)
	at scala.meta.internal.parsing.Trees.parse(Trees.scala:130)
	at scala.meta.internal.parsing.Trees.didChange(Trees.scala:100)
	at scala.meta.internal.metals.MetalsLspService.$anonfun$parseTreesAndPublishDiags$2(MetalsLspService.scala:859)
	at scala.runtime.java8.JFunction0$mcV$sp.apply(JFunction0$mcV$sp.scala:18)
	at scala.concurrent.Future$.$anonfun$apply$1(Future.scala:678)
	at scala.concurrent.impl.Promise$Transformation.run(Promise.scala:467)
	... 3 more

Jul 10, 2023 5:38:26 PM org.eclipse.lsp4j.jsonrpc.RemoteEndpoint fallbackResponseError
SEVERE: Internal error: java.lang.ArrayIndexOutOfBoundsException: Index 168 out of bounds for length 168
java.util.concurrent.CompletionException: java.lang.ArrayIndexOutOfBoundsException: Index 168 out of bounds for length 168
	at java.base/java.util.concurrent.CompletableFuture.encodeThrowable(CompletableFuture.java:332)
	at java.base/java.util.concurrent.CompletableFuture.completeThrowable(CompletableFuture.java:347)
	at java.base/java.util.concurrent.CompletableFuture$UniAccept.tryFire(CompletableFuture.java:708)
	at java.base/java.util.concurrent.CompletableFuture.postComplete(CompletableFuture.java:510)
	at java.base/java.util.concurrent.CompletableFuture.completeExceptionally(CompletableFuture.java:2162)
	at scala.meta.internal.metals.CancelTokens$.$anonfun$future$1(CancelTokens.scala:40)
	at scala.meta.internal.metals.CancelTokens$.$anonfun$future$1$adapted(CancelTokens.scala:38)
	at scala.concurrent.impl.Promise$Transformation.run(Promise.scala:484)
	at java.base/java.util.concurrent.ThreadPoolExecutor.runWorker(ThreadPoolExecutor.java:1136)
	at java.base/java.util.concurrent.ThreadPoolExecutor$Worker.run(ThreadPoolExecutor.java:635)
	at java.base/java.lang.Thread.run(Thread.java:833)
Caused by: java.lang.ArrayIndexOutOfBoundsException: Index 168 out of bounds for length 168
	at scala.meta.tokens.Tokens.apply(Tokens.scala:34)
	at scala.meta.internal.parsers.ScannerTokens.nextToken(ScannerTokens.scala:382)
	at scala.meta.internal.parsers.ScannerTokens.nextToken(ScannerTokens.scala:372)
	at scala.meta.internal.parsers.LazyTokenIterator.getNextTokenRef(LazyTokenIterator.scala:28)
	at scala.meta.internal.parsers.LazyTokenIterator.peekIndex(LazyTokenIterator.scala:156)
	at scala.meta.internal.parsers.ScalametaParser.peekIndex(ScalametaParser.scala:180)
	at scala.meta.internal.parsers.ScalametaParser.iter$2(ScalametaParser.scala:2427)
	at scala.meta.internal.parsers.ScalametaParser.caseClausesIfAny(ScalametaParser.scala:2432)
	at scala.meta.internal.parsers.ScalametaParser.caseClauses(ScalametaParser.scala:2409)
	at scala.meta.internal.parsers.ScalametaParser.matchClause(ScalametaParser.scala:1452)
	at scala.meta.internal.parsers.ScalametaParser.loop$6(ScalametaParser.scala:2053)
	at scala.meta.internal.parsers.ScalametaParser.postfixExpr(ScalametaParser.scala:2075)
	at scala.meta.internal.parsers.ScalametaParser.postfixExpr(ScalametaParser.scala:1960)
	at scala.meta.internal.parsers.ScalametaParser.$anonfun$expr$2(ScalametaParser.scala:1603)
	at scala.meta.internal.parsers.ScalametaParser.atPosOpt(ScalametaParser.scala:323)
	at scala.meta.internal.parsers.ScalametaParser.autoPosOpt(ScalametaParser.scala:367)
	at scala.meta.internal.parsers.ScalametaParser.expr(ScalametaParser.scala:1508)
	at scala.meta.internal.parsers.ScalametaParser.expr(ScalametaParser.scala:1397)
	at scala.meta.internal.parsers.ScalametaParser.exprMaybeIndented(ScalametaParser.scala:1421)
	at scala.meta.internal.parsers.ScalametaParser.$anonfun$funDefRest$1(ScalametaParser.scala:3655)
	at scala.meta.internal.parsers.ScalametaParser.autoEndPos(ScalametaParser.scala:369)
	at scala.meta.internal.parsers.ScalametaParser.autoEndPos(ScalametaParser.scala:374)
	at scala.meta.internal.parsers.ScalametaParser.funDefRest(ScalametaParser.scala:3617)
	at scala.meta.internal.parsers.ScalametaParser.funDefOrDclOrExtensionOrSecondaryCtor(ScalametaParser.scala:3561)
	at scala.meta.internal.parsers.ScalametaParser.defOrDclOrSecondaryCtor(ScalametaParser.scala:3391)
	at scala.meta.internal.parsers.ScalametaParser.nonLocalDefOrDcl(ScalametaParser.scala:3370)
	at scala.meta.internal.parsers.ScalametaParser$$anonfun$2.applyOrElse(ScalametaParser.scala:4322)
	at scala.meta.internal.parsers.ScalametaParser$$anonfun$2.applyOrElse(ScalametaParser.scala:4306)
	at scala.PartialFunction.$anonfun$runWith$1(PartialFunction.scala:231)
	at scala.PartialFunction.$anonfun$runWith$1$adapted(PartialFunction.scala:230)
	at scala.meta.internal.parsers.ScalametaParser.statSeqBuf(ScalametaParser.scala:4299)
	at scala.meta.internal.parsers.ScalametaParser.$anonfun$batchSource$13(ScalametaParser.scala:4524)
	at scala.Option.getOrElse(Option.scala:201)
	at scala.meta.internal.parsers.ScalametaParser.$anonfun$batchSource$1(ScalametaParser.scala:4524)
	at scala.meta.internal.parsers.ScalametaParser.atPos(ScalametaParser.scala:320)
	at scala.meta.internal.parsers.ScalametaParser.autoPos(ScalametaParser.scala:366)
	at scala.meta.internal.parsers.ScalametaParser.batchSource(ScalametaParser.scala:4479)
	at scala.meta.internal.parsers.ScalametaParser.$anonfun$source$1(ScalametaParser.scala:4472)
	at scala.meta.internal.parsers.ScalametaParser.atPos(ScalametaParser.scala:320)
	at scala.meta.internal.parsers.ScalametaParser.autoPos(ScalametaParser.scala:366)
	at scala.meta.internal.parsers.ScalametaParser.source(ScalametaParser.scala:4472)
	at scala.meta.internal.parsers.ScalametaParser.entrypointSource(ScalametaParser.scala:4477)
	at scala.meta.internal.parsers.ScalametaParser.parseSourceImpl(ScalametaParser.scala:127)
	at scala.meta.internal.parsers.ScalametaParser.$anonfun$parseSource$1(ScalametaParser.scala:124)
	at scala.meta.internal.parsers.ScalametaParser.parseRuleAfterBOF(ScalametaParser.scala:51)
	at scala.meta.internal.parsers.ScalametaParser.parseRule(ScalametaParser.scala:46)
	at scala.meta.internal.parsers.ScalametaParser.parseSource(ScalametaParser.scala:124)
	at scala.meta.parsers.Parse$.$anonfun$parseSource$1(Parse.scala:29)
	at scala.meta.parsers.Parse$$anon$1.apply(Parse.scala:36)
	at scala.meta.parsers.Api$XtensionParseDialectInput.parse(Api.scala:25)
	at scala.meta.internal.parsing.Trees.$anonfun$parse$2(Trees.scala:137)
	at scala.Option.map(Option.scala:242)
	at scala.meta.internal.parsing.Trees.parse(Trees.scala:130)
	at scala.meta.internal.parsing.Trees.didChange(Trees.scala:100)
	at scala.meta.internal.metals.MetalsLspService.$anonfun$parseTreesAndPublishDiags$2(MetalsLspService.scala:859)
	at scala.runtime.java8.JFunction0$mcV$sp.apply(JFunction0$mcV$sp.scala:18)
	at scala.concurrent.Future$.$anonfun$apply$1(Future.scala:678)
	at scala.concurrent.impl.Promise$Transformation.run(Promise.scala:467)
	... 3 more

Jul 10, 2023 5:38:27 PM org.eclipse.lsp4j.jsonrpc.RemoteEndpoint fallbackResponseError
SEVERE: Internal error: java.lang.ArrayIndexOutOfBoundsException: Index 169 out of bounds for length 169
java.util.concurrent.CompletionException: java.lang.ArrayIndexOutOfBoundsException: Index 169 out of bounds for length 169
	at java.base/java.util.concurrent.CompletableFuture.encodeThrowable(CompletableFuture.java:332)
	at java.base/java.util.concurrent.CompletableFuture.completeThrowable(CompletableFuture.java:347)
	at java.base/java.util.concurrent.CompletableFuture$UniAccept.tryFire(CompletableFuture.java:708)
	at java.base/java.util.concurrent.CompletableFuture.postComplete(CompletableFuture.java:510)
	at java.base/java.util.concurrent.CompletableFuture.completeExceptionally(CompletableFuture.java:2162)
	at scala.meta.internal.metals.CancelTokens$.$anonfun$future$1(CancelTokens.scala:40)
	at scala.meta.internal.metals.CancelTokens$.$anonfun$future$1$adapted(CancelTokens.scala:38)
	at scala.concurrent.impl.Promise$Transformation.run(Promise.scala:484)
	at java.base/java.util.concurrent.ThreadPoolExecutor.runWorker(ThreadPoolExecutor.java:1136)
	at java.base/java.util.concurrent.ThreadPoolExecutor$Worker.run(ThreadPoolExecutor.java:635)
	at java.base/java.lang.Thread.run(Thread.java:833)
Caused by: java.lang.ArrayIndexOutOfBoundsException: Index 169 out of bounds for length 169
	at scala.meta.tokens.Tokens.apply(Tokens.scala:34)
	at scala.meta.internal.parsers.ScannerTokens.nextToken(ScannerTokens.scala:382)
	at scala.meta.internal.parsers.ScannerTokens.nextToken(ScannerTokens.scala:372)
	at scala.meta.internal.parsers.LazyTokenIterator.getNextTokenRef(LazyTokenIterator.scala:28)
	at scala.meta.internal.parsers.LazyTokenIterator.peekIndex(LazyTokenIterator.scala:156)
	at scala.meta.internal.parsers.ScalametaParser.peekIndex(ScalametaParser.scala:180)
	at scala.meta.internal.parsers.ScalametaParser.iter$2(ScalametaParser.scala:2427)
	at scala.meta.internal.parsers.ScalametaParser.caseClausesIfAny(ScalametaParser.scala:2432)
	at scala.meta.internal.parsers.ScalametaParser.caseClauses(ScalametaParser.scala:2409)
	at scala.meta.internal.parsers.ScalametaParser.matchClause(ScalametaParser.scala:1452)
	at scala.meta.internal.parsers.ScalametaParser.loop$6(ScalametaParser.scala:2053)
	at scala.meta.internal.parsers.ScalametaParser.postfixExpr(ScalametaParser.scala:2075)
	at scala.meta.internal.parsers.ScalametaParser.postfixExpr(ScalametaParser.scala:1960)
	at scala.meta.internal.parsers.ScalametaParser.$anonfun$expr$2(ScalametaParser.scala:1603)
	at scala.meta.internal.parsers.ScalametaParser.atPosOpt(ScalametaParser.scala:323)
	at scala.meta.internal.parsers.ScalametaParser.autoPosOpt(ScalametaParser.scala:367)
	at scala.meta.internal.parsers.ScalametaParser.expr(ScalametaParser.scala:1508)
	at scala.meta.internal.parsers.ScalametaParser.expr(ScalametaParser.scala:1397)
	at scala.meta.internal.parsers.ScalametaParser.exprMaybeIndented(ScalametaParser.scala:1421)
	at scala.meta.internal.parsers.ScalametaParser.$anonfun$funDefRest$1(ScalametaParser.scala:3655)
	at scala.meta.internal.parsers.ScalametaParser.autoEndPos(ScalametaParser.scala:369)
	at scala.meta.internal.parsers.ScalametaParser.autoEndPos(ScalametaParser.scala:374)
	at scala.meta.internal.parsers.ScalametaParser.funDefRest(ScalametaParser.scala:3617)
	at scala.meta.internal.parsers.ScalametaParser.funDefOrDclOrExtensionOrSecondaryCtor(ScalametaParser.scala:3561)
	at scala.meta.internal.parsers.ScalametaParser.defOrDclOrSecondaryCtor(ScalametaParser.scala:3391)
	at scala.meta.internal.parsers.ScalametaParser.nonLocalDefOrDcl(ScalametaParser.scala:3370)
	at scala.meta.internal.parsers.ScalametaParser$$anonfun$2.applyOrElse(ScalametaParser.scala:4322)
	at scala.meta.internal.parsers.ScalametaParser$$anonfun$2.applyOrElse(ScalametaParser.scala:4306)
	at scala.PartialFunction.$anonfun$runWith$1(PartialFunction.scala:231)
	at scala.PartialFunction.$anonfun$runWith$1$adapted(PartialFunction.scala:230)
	at scala.meta.internal.parsers.ScalametaParser.statSeqBuf(ScalametaParser.scala:4299)
	at scala.meta.internal.parsers.ScalametaParser.$anonfun$batchSource$13(ScalametaParser.scala:4524)
	at scala.Option.getOrElse(Option.scala:201)
	at scala.meta.internal.parsers.ScalametaParser.$anonfun$batchSource$1(ScalametaParser.scala:4524)
	at scala.meta.internal.parsers.ScalametaParser.atPos(ScalametaParser.scala:320)
	at scala.meta.internal.parsers.ScalametaParser.autoPos(ScalametaParser.scala:366)
	at scala.meta.internal.parsers.ScalametaParser.batchSource(ScalametaParser.scala:4479)
	at scala.meta.internal.parsers.ScalametaParser.$anonfun$source$1(ScalametaParser.scala:4472)
	at scala.meta.internal.parsers.ScalametaParser.atPos(ScalametaParser.scala:320)
	at scala.meta.internal.parsers.ScalametaParser.autoPos(ScalametaParser.scala:366)
	at scala.meta.internal.parsers.ScalametaParser.source(ScalametaParser.scala:4472)
	at scala.meta.internal.parsers.ScalametaParser.entrypointSource(ScalametaParser.scala:4477)
	at scala.meta.internal.parsers.ScalametaParser.parseSourceImpl(ScalametaParser.scala:127)
	at scala.meta.internal.parsers.ScalametaParser.$anonfun$parseSource$1(ScalametaParser.scala:124)
	at scala.meta.internal.parsers.ScalametaParser.parseRuleAfterBOF(ScalametaParser.scala:51)
	at scala.meta.internal.parsers.ScalametaParser.parseRule(ScalametaParser.scala:46)
	at scala.meta.internal.parsers.ScalametaParser.parseSource(ScalametaParser.scala:124)
	at scala.meta.parsers.Parse$.$anonfun$parseSource$1(Parse.scala:29)
	at scala.meta.parsers.Parse$$anon$1.apply(Parse.scala:36)
	at scala.meta.parsers.Api$XtensionParseDialectInput.parse(Api.scala:25)
	at scala.meta.internal.parsing.Trees.$anonfun$parse$2(Trees.scala:137)
	at scala.Option.map(Option.scala:242)
	at scala.meta.internal.parsing.Trees.parse(Trees.scala:130)
	at scala.meta.internal.parsing.Trees.didChange(Trees.scala:100)
	at scala.meta.internal.metals.MetalsLspService.$anonfun$parseTreesAndPublishDiags$2(MetalsLspService.scala:859)
	at scala.runtime.java8.JFunction0$mcV$sp.apply(JFunction0$mcV$sp.scala:18)
	at scala.concurrent.Future$.$anonfun$apply$1(Future.scala:678)
	at scala.concurrent.impl.Promise$Transformation.run(Promise.scala:467)
	... 3 more

2023.07.10 17:39:03 WARN  no build target for: C:\Users\Vishwa\Documents\MYWORK\scala\Patrical 05\Question06.scala
2023.07.10 17:40:43 WARN  no build target for: C:\Users\Vishwa\Documents\MYWORK\scala\Patrical 05\Question06.scala
Jul 10, 2023 5:40:45 PM scala.meta.internal.pc.CompilerAccess handleError
SEVERE: NoDenotation.owner
java.lang.AssertionError: NoDenotation.owner
	at dotty.tools.dotc.core.SymDenotations$NoDenotation$.owner(SymDenotations.scala:2511)
	at scala.meta.internal.pc.MetalsInteractive$.enclosingSymbolsWithExpressionType(MetalsInteractive.scala:261)
	at scala.meta.internal.pc.HoverProvider$.hover(HoverProvider.scala:98)

Jul 10, 2023 5:40:46 PM scala.meta.internal.pc.CompilerAccess handleError
SEVERE: NoDenotation.owner
java.lang.AssertionError: NoDenotation.owner
	at dotty.tools.dotc.core.SymDenotations$NoDenotation$.owner(SymDenotations.scala:2511)
	at scala.meta.internal.pc.MetalsInteractive$.enclosingSymbolsWithExpressionType(MetalsInteractive.scala:261)
	at scala.meta.internal.pc.HoverProvider$.hover(HoverProvider.scala:98)

Jul 10, 2023 5:40:48 PM scala.meta.internal.pc.CompilerAccess handleError
SEVERE: NoDenotation.owner
java.lang.AssertionError: NoDenotation.owner
	at dotty.tools.dotc.core.SymDenotations$NoDenotation$.owner(SymDenotations.scala:2511)
	at scala.meta.internal.pc.MetalsInteractive$.enclosingSymbolsWithExpressionType(MetalsInteractive.scala:261)
	at scala.meta.internal.pc.HoverProvider$.hover(HoverProvider.scala:98)

2023.07.10 17:40:57 WARN  no build target for: C:\Users\Vishwa\Documents\MYWORK\scala\Patrical 05\Question06.scala
2023.07.10 17:41:36 WARN  no build target for: C:\Users\Vishwa\Documents\MYWORK\scala\Patrical 05\Question06.scala
2023.07.10 17:44:37 WARN  no build target for: C:\Users\Vishwa\Documents\MYWORK\scala\Patrical 05\Question06.scala
Jul 10, 2023 5:45:35 PM scala.meta.internal.pc.CompilerAccess handleError
SEVERE: NoDenotation.owner
java.lang.AssertionError: NoDenotation.owner
	at dotty.tools.dotc.core.SymDenotations$NoDenotation$.owner(SymDenotations.scala:2511)
	at scala.meta.internal.pc.MetalsInteractive$.enclosingSymbolsWithExpressionType(MetalsInteractive.scala:261)
	at scala.meta.internal.pc.HoverProvider$.hover(HoverProvider.scala:98)

Jul 10, 2023 5:45:40 PM scala.meta.internal.pc.CompilerAccess handleError
SEVERE: NoDenotation.owner
java.lang.AssertionError: NoDenotation.owner
	at dotty.tools.dotc.core.SymDenotations$NoDenotation$.owner(SymDenotations.scala:2511)
	at scala.meta.internal.pc.MetalsInteractive$.enclosingSymbolsWithExpressionType(MetalsInteractive.scala:261)
	at scala.meta.internal.pc.HoverProvider$.hover(HoverProvider.scala:98)

Jul 10, 2023 5:45:42 PM scala.meta.internal.pc.CompilerAccess handleError
SEVERE: NoDenotation.owner
java.lang.AssertionError: NoDenotation.owner
	at dotty.tools.dotc.core.SymDenotations$NoDenotation$.owner(SymDenotations.scala:2511)
	at scala.meta.internal.pc.MetalsInteractive$.enclosingSymbolsWithExpressionType(MetalsInteractive.scala:261)
	at scala.meta.internal.pc.HoverProvider$.hover(HoverProvider.scala:98)

Jul 10, 2023 5:45:56 PM scala.meta.internal.pc.CompilerAccess handleError
SEVERE: NoDenotation.owner
java.lang.AssertionError: NoDenotation.owner
	at dotty.tools.dotc.core.SymDenotations$NoDenotation$.owner(SymDenotations.scala:2511)
	at scala.meta.internal.pc.MetalsInteractive$.enclosingSymbolsWithExpressionType(MetalsInteractive.scala:261)
	at scala.meta.internal.pc.HoverProvider$.hover(HoverProvider.scala:98)

2023.07.10 17:47:10 WARN  no build target for: C:\Users\Vishwa\Documents\MYWORK\scala\Patrical 05\Question02.scala
2023.07.10 17:47:59 WARN  no build target for: C:\Users\Vishwa\Documents\MYWORK\scala\Patrical 05\Question01.scala
2023.07.10 17:48:04 WARN  no build target for: C:\Users\Vishwa\Documents\MYWORK\scala\Patrical 05\Question01.scala
2023.07.10 17:49:30 WARN  no build target for: C:\Users\Vishwa\Documents\MYWORK\scala\Patrical 05\Question03.scala
Jul 10, 2023 5:49:30 PM scala.meta.internal.pc.CompilerAccess handleError
SEVERE: NoDenotation.owner
java.lang.AssertionError: NoDenotation.owner
	at dotty.tools.dotc.core.SymDenotations$NoDenotation$.owner(SymDenotations.scala:2511)
	at scala.meta.internal.pc.MetalsInteractive$.enclosingSymbolsWithExpressionType(MetalsInteractive.scala:261)
	at scala.meta.internal.pc.MetalsInteractive$.enclosingSymbols(MetalsInteractive.scala:167)
	at scala.meta.internal.pc.PcDefinitionProvider.findDefinitions(PcDefinitionProvider.scala:91)
	at scala.meta.internal.pc.PcDefinitionProvider.definitions(PcDefinitionProvider.scala:56)
	at scala.meta.internal.pc.PcDefinitionProvider.definitions(PcDefinitionProvider.scala:33)

2023.07.10 17:49:33 WARN  no build target for: C:\Users\Vishwa\Documents\MYWORK\scala\Patrical 05\Question01.scala
2023.07.10 17:49:38 WARN  no build target for: C:\Users\Vishwa\Documents\MYWORK\scala\Patrical 05\Question01.scala
2023.07.10 17:50:45 WARN  no build target for: C:\Users\Vishwa\Documents\MYWORK\scala\Patrical 05\Question01.scala
Jul 10, 2023 5:52:22 PM scala.meta.internal.pc.CompilerAccess handleError
SEVERE: Toplevel definition isPrime$default$2 is defined in
  C:/Users/Vishwa/Documents/MYWORK/scala/Patrical 05/Question01.scala
and also in
  C:/Users/Vishwa/Documents/MYWORK/scala/Patrical 05/Question02.scala
One of these files should be removed from the classpath.
dotty.tools.dotc.core.TypeError: Toplevel definition isPrime$default$2 is defined in
  C:/Users/Vishwa/Documents/MYWORK/scala/Patrical 05/Question01.scala
and also in
  C:/Users/Vishwa/Documents/MYWORK/scala/Patrical 05/Question02.scala
One of these files should be removed from the classpath.
	at dotty.tools.dotc.core.SymDenotations$PackageClassDenotation.dropStale$1(SymDenotations.scala:2447)
	at dotty.tools.dotc.core.SymDenotations$PackageClassDenotation.recur$5(SymDenotations.scala:2411)
	at dotty.tools.dotc.core.SymDenotations$PackageClassDenotation.computeMembersNamed(SymDenotations.scala:2467)
	at dotty.tools.dotc.core.SymDenotations$ClassDenotation.membersNamed(SymDenotations.scala:2023)
	at dotty.tools.dotc.core.SymDenotations$ClassDenotation.findMember(SymDenotations.scala:2074)
	at dotty.tools.dotc.core.Types$Type.go$1(Types.scala:686)
	at dotty.tools.dotc.core.Types$Type.goThis$1(Types.scala:811)
	at dotty.tools.dotc.core.Types$Type.go$1(Types.scala:703)
	at dotty.tools.dotc.core.Types$Type.findMember(Types.scala:879)
	at dotty.tools.dotc.core.Types$Type.memberBasedOnFlags(Types.scala:669)
	at dotty.tools.dotc.core.Types$Type.member(Types.scala:653)
	at dotty.tools.dotc.core.Types$Type.allMembers$$anonfun$1(Types.scala:1020)
	at scala.runtime.function.JProcedure2.apply(JProcedure2.java:15)
	at scala.runtime.function.JProcedure2.apply(JProcedure2.java:10)
	at dotty.tools.dotc.core.Types$Type.memberDenots$$anonfun$1(Types.scala:925)
	at scala.runtime.function.JProcedure1.apply(JProcedure1.java:15)
	at scala.runtime.function.JProcedure1.apply(JProcedure1.java:10)
	at scala.collection.immutable.BitmapIndexedSetNode.foreach(HashSet.scala:937)
	at scala.collection.immutable.HashSet.foreach(HashSet.scala:944)
	at dotty.tools.dotc.core.Types$Type.memberDenots(Types.scala:925)
	at dotty.tools.dotc.core.Types$Type.allMembers(Types.scala:1020)
	at scala.meta.internal.pc.IndexedContext$.accesibleMembers$1(IndexedContext.scala:149)
	at scala.meta.internal.pc.IndexedContext$.scala$meta$internal$pc$IndexedContext$$$extractNames(IndexedContext.scala:207)
	at scala.meta.internal.pc.IndexedContext$LazyWrapper.<init>(IndexedContext.scala:99)
	at scala.meta.internal.pc.IndexedContext$.apply(IndexedContext.scala:87)
	at scala.meta.internal.pc.PcDefinitionProvider.definitions(PcDefinitionProvider.scala:53)
	at scala.meta.internal.pc.PcDefinitionProvider.definitions(PcDefinitionProvider.scala:33)

2023.07.10 17:52:22 WARN  no build target for: C:\Users\Vishwa\Documents\MYWORK\scala\Patrical 05\Question04.scala
2023.07.10 17:52:28 WARN  Using indexes to guess the definition of even
2023.07.10 17:52:46 WARN  no build target for: C:\Users\Vishwa\Documents\MYWORK\scala\Patrical 05\Question02.scala
2023.07.10 17:52:52 WARN  no build target for: C:\Users\Vishwa\Documents\MYWORK\scala\Patrical 05\Question02.scala
2023.07.10 17:52:52 WARN  no build target for: C:\Users\Vishwa\Documents\MYWORK\scala\Patrical 05\Question02.scala
2023.07.10 18:12:09 WARN  no build target for: C:\Users\Vishwa\Documents\MYWORK\scala\Patrical 05\Question02.scala
2023.07.10 18:12:53 WARN  no build target for: C:\Users\Vishwa\Documents\MYWORK\scala\Patrical 05\Question02.scala
Jul 10, 2023 6:13:40 PM org.eclipse.lsp4j.jsonrpc.RemoteEndpoint handleCancellation
WARNING: Unmatched cancel notification for request id 6046
2023.07.10 18:14:28 WARN  no build target for: C:\Users\Vishwa\Documents\MYWORK\scala\Patrical 05\Question02.scala
